<?xml version="1.0" encoding="UTF-8"?>
<testsuite xmlns:xsi="http://www.w3.org/2001/XMLSchema-instance" xsi:noNamespaceSchemaLocation="https://maven.apache.org/surefire/maven-surefire-plugin/xsd/surefire-test-report-3.0.xsd" version="3.0" name="TestSuite" time="11.821" tests="1" errors="0" skipped="0" failures="0">
  <properties>
[...]
</properties>
  <testcase name="[&quot;Logar com sucesso&quot;, &quot;Login na pagina Sauce&quot;](1)" classname="br.sefaz.com.executa.ExecutaLoginIT" time="10.11">
    <system-out><![CDATA[
@Executa
Cenario: Logar com sucesso           # src/test/resources/features/Login.feature:9
  Dado que eu acesse o site          # testes.testes.LoginTeste.queEuAcesseOSite()
[PASSO] Insere o login no sistema
[PASSO] Insere a senha no sistema
  Quando Logo no sistema com sucesso # testes.testes.LoginTeste.logoNoSistemaComSucesso()
  Entao Finaliza o sistema           # testes.testes.LoginTeste.finalizaOSistema()
Evidência gerada em: C:\Automacao_Sauce\src/test/evidencias/PDF\Logar com sucesso\Logar com sucesso.pdf
[PASSO] 
PASSED - Logar com sucesso
===============================================
Finalizando o DRIVER...
===============================================
]]></system-out>
    <system-err><![CDATA[SLF4J: No SLF4J providers were found.
SLF4J: Defaulting to no-operation (NOP) logger implementation
SLF4J: See https://www.slf4j.org/codes.html#noProviders for further details.
Warning: [org.testng.ITest] implementation on class [br.sefaz.com.executa.ExecutaLoginIT] returned null. Defaulting to method name
Warning: [org.testng.ITest] implementation on class [br.sefaz.com.executa.ExecutaLoginIT] returned null. Defaulting to method name
Starting ChromeDriver 109.0.5414.74 (e7c5703604daa9cc128ccf5a5d3e993513758913-refs/branch-heads/5414@{#1172}) on port 34266
Only local connections are allowed.
Please see https://chromedriver.chromium.org/security-considerations for suggestions on keeping ChromeDriver safe.
ChromeDriver was started successfully.
out. 21, 2024 4:52:57 PM org.openqa.selenium.devtools.CdpVersionFinder findNearestMatch
ADVERTÊNCIA: Unable to find an exact match for CDP version 109, so returning the closest version found: 107
]]></system-err>
  </testcase>
</testsuite>