<?xml version="1.0" encoding="UTF-8"?>
<!-- Generated by org.testng.reporters.JUnitReportReporter -->
<testsuite hostname="sponbbt032622" failures="0" tests="1" name="br.sefaz.com.executa.ExecutaLoginIT" time="10.092" errors="0" timestamp="2024-10-21T16:53:04 BRT" skipped="0">
  <testcase classname="br.sefaz.com.executa.ExecutaLoginIT" name="runScenario" time="10.092"/>
  <system-out>
    <![CDATA[[PASSO] Insere o login no sistema
[PASSO] Insere a senha no sistema
Evidência gerada em: C:\Automacao_Sauce\src/test/evidencias/PDF\Logar com sucesso\Logar com sucesso.pdf
[PASSO] 
PASSED - Logar com sucesso
===============================================
Finalizando o DRIVER...
===============================================]]>
  </system-out>
</testsuite> <!-- br.sefaz.com.executa.ExecutaLoginIT -->
